<?xml version="1.0" encoding="UTF-8"?>
<!-- Generated by org.testng.reporters.JUnitReportReporter -->
<testsuite hostname="MSI" failures="0" tests="2" name="runner.CucumberTestRunnerWithTags" time="0.053" errors="0" timestamp="2025-04-02T15:01:21 IST" skipped="0">
  <testcase classname="runner.CucumberTestRunnerWithTags" name="runScenario" time="0.049"/>
  <system-out/>
  <testcase classname="runner.CucumberTestRunnerWithTags" name="runScenario" time="0.004"/>
  <system-out/>
</testsuite> <!-- runner.CucumberTestRunnerWithTags -->
