<?xml version="1.0" encoding="UTF-8"?>
<!-- Generated by org.testng.reporters.JUnitReportReporter -->
<testsuite hostname="MSI" failures="0" tests="4" name="runner.CucumberTestRunner" time="17.581" errors="0" timestamp="2025-04-02T16:29:54 IST" skipped="0">
  <testcase classname="runner.CucumberTestRunner" name="runScenario" time="3.683"/>
  <system-out/>
  <testcase classname="runner.CucumberTestRunner" name="runScenario" time="2.855"/>
  <system-out/>
  <testcase classname="runner.CucumberTestRunner" name="runScenario" time="2.592"/>
  <system-out/>
  <testcase classname="runner.CucumberTestRunner" name="runScenario" time="8.451"/>
  <system-out/>
</testsuite> <!-- runner.CucumberTestRunner -->
